Triple_1Triple_2Triple_3 [name]10||[z]94||[z]31||[z]18||[z]42||[y]12||[z]52||[z]62||[z]70||[z]78||[x]11||[z]86||[z]102||
Triple_1Triple_2Triple_3 [name]100||[z]94||[y]101||[x]11||
Triple_1Triple_2Triple_3 [name]108||[x]11||[y]109||[z]102||
Triple_1Triple_2Triple_3 [name]116||[z]110||[x]11||[y]117||
Triple_1Triple_2Triple_3 [name]124||[z]118||[x]11||[y]125||
Triple_1Triple_2Triple_3 [name]131||[y]132||[z]126||[x]11||
Triple_1Triple_2Triple_3 [name]138||[y]139||[z]133||[x]11||
Triple_1Triple_2Triple_3 [name]145||[y]146||[z]140||[x]11||
Triple_1Triple_2Triple_3 [name]152||[z]147||[x]11||[y]153||
Triple_1Triple_2Triple_3 [name]159||[z]154||[y]160||[x]11||
Triple_1Triple_2Triple_3 [name]166||[y]167||[z]161||[x]11||
Triple_1Triple_2Triple_3 [name]173||[y]174||[x]11||[z]168||
Triple_1Triple_2Triple_3 [name]180||[y]181||[x]11||[z]175||
Triple_1Triple_2Triple_3 [name]27||[z]18||[x]11||[y]28||
Triple_1Triple_2Triple_3 [name]40||[z]31||[x]11||[y]41||
Triple_1Triple_2Triple_3 [name]50||[x]11||[y]51||[z]42||
Triple_1Triple_2Triple_3 [name]60||[x]11||[y]61||[z]52||
Triple_1Triple_2Triple_3 [name]68||[x]11||[z]62||[y]69||
Triple_1Triple_2Triple_3 [name]76||[y]77||[x]11||[z]70||
Triple_1Triple_2Triple_3 [name]84||[y]85||[z]78||[x]11||
Triple_1Triple_2Triple_3 [name]92||[z]86||[y]93||[x]11||

